<?xml version="1.0" encoding="UTF-8"?>
<testng-results ignored="0" total="1" passed="1" failed="0" skipped="0">
  <reporter-output>
  </reporter-output>
  <suite started-at="2024-07-08T12:19:59 IST" name="Default suite" finished-at="2024-07-08T12:20:11 IST" duration-ms="11933">
    <groups>
    </groups>
    <test started-at="2024-07-08T12:19:59 IST" name="Default test" finished-at="2024-07-08T12:20:11 IST" duration-ms="11933">
      <class name="testscripts.regression.LoginValidationdemoExcel">
        <test-method is-config="true" signature="startUp()[pri:0, instance:testscripts.regression.LoginValidationdemoExcel@5b799640]" started-at="2024-07-08T12:19:59 IST" name="startUp" finished-at="2024-07-08T12:19:59 IST" duration-ms="18" status="PASS">
          <reporter-output>
          </reporter-output>
        </test-method> <!-- startUp -->
        <test-method is-config="true" signature="setUp()[pri:0, instance:testscripts.regression.LoginValidationdemoExcel@5b799640]" started-at="2024-07-08T12:20:01 IST" name="setUp" finished-at="2024-07-08T12:20:07 IST" duration-ms="6053" status="PASS">
          <reporter-output>
          </reporter-output>
        </test-method> <!-- setUp -->
        <test-method signature="loginValidation(java.util.HashMap)[pri:0, instance:testscripts.regression.LoginValidationdemoExcel@5b799640]" started-at="2024-07-08T12:20:07 IST" name="loginValidation" data-provider="getData" finished-at="2024-07-08T12:20:08 IST" duration-ms="1261" status="PASS">
          <params>
            <param index="0">
              <value>
                <![CDATA[{expectedTitle=Adactin.com - Search Hotel, password=P76MNB, username=LasyaTest}]]>
              </value>
            </param>
          </params>
          <reporter-output>
          </reporter-output>
        </test-method> <!-- loginValidation -->
        <test-method is-config="true" signature="teardown()[pri:0, instance:testscripts.regression.LoginValidationdemoExcel@5b799640]" started-at="2024-07-08T12:20:08 IST" name="teardown" finished-at="2024-07-08T12:20:11 IST" duration-ms="3311" status="PASS">
          <reporter-output>
          </reporter-output>
        </test-method> <!-- teardown -->
      </class> <!-- testscripts.regression.LoginValidationdemoExcel -->
    </test> <!-- Default test -->
  </suite> <!-- Default suite -->
</testng-results>
